{
  "RSpec": {
    "coverage": {
      "/home/ubuntu/workspace/social-news-network/app/helpers/application_helper.rb": [
        1,
        null
      ],
      "/home/ubuntu/workspace/social-news-network/app/helpers/categories_helper.rb": [
        1,
        null
      ],
      "/home/ubuntu/workspace/social-news-network/app/helpers/posts_helper.rb": [
        1,
        null
      ],
      "/home/ubuntu/workspace/social-news-network/app/helpers/sessions_helper.rb": [
        1,
        null
      ],
      "/home/ubuntu/workspace/social-news-network/app/controllers/categories_controller.rb": [
        1,
        1,
        null,
        null,
        null,
        1,
        1,
        null,
        null,
        null,
        null,
        1,
        null,
        null,
        null,
        1,
        1,
        null,
        null,
        null,
        1,
        null,
        null,
        null,
        null,
        1,
        0,
        null,
        0,
        0,
        0,
        0,
        null,
        0,
        0,
        null,
        null,
        null,
        null,
        null,
        null,
        1,
        0,
        0,
        0,
        0,
        null,
        0,
        0,
        null,
        null,
        null,
        null,
        null,
        null,
        1,
        0,
        0,
        0,
        0,
        null,
        null,
        null,
        1,
        null,
        1,
        0,
        null,
        null,
        null,
        1,
        0,
        null,
        null
      ],
      "/home/ubuntu/workspace/social-news-network/app/controllers/application_controller.rb": [
        1,
        null,
        null,
        1,
        1,
        null,
        1,
        10,
        null,
        null
      ],
      "/home/ubuntu/workspace/social-news-network/app/controllers/posts_controller.rb": [
        1,
        1,
        null,
        null,
        null,
        1,
        1,
        null,
        null,
        null,
        null,
        1,
        null,
        null,
        null,
        1,
        1,
        null,
        null,
        null,
        1,
        null,
        null,
        null,
        null,
        1,
        2,
        null,
        2,
        1,
        1,
        null,
        1,
        null,
        null,
        null,
        null,
        null,
        1,
        0,
        0,
        0,
        0,
        null,
        0,
        0,
        null,
        null,
        null,
        null,
        null,
        null,
        1,
        0,
        0,
        0,
        0,
        null,
        null,
        null,
        1,
        4,
        2,
        2,
        0,
        0,
        null,
        null,
        null,
        2,
        2,
        2,
        null,
        null,
        2,
        0,
        0,
        0,
        null,
        null,
        null,
        1,
        null,
        1,
        0,
        null,
        null,
        null,
        1,
        2,
        null,
        null
      ],
      "/home/ubuntu/workspace/social-news-network/app/models/category.rb": [
        1,
        1,
        null
      ],
      "/home/ubuntu/workspace/social-news-network/app/models/post.rb": [
        1,
        1,
        null
      ]
    },
    "timestamp": 1448067671
  }
}
